0 info it worked if it ends with ok
1 verbose cli [ 'C:\\Program Files\\nodejs\\node.exe',
1 verbose cli   'C:\\Users\\jelle\\AppData\\Roaming\\npm\\node_modules\\npm\\bin\\npm-cli.js',
1 verbose cli   'install',
1 verbose cli   'bcrypt' ]
2 info using npm@3.5.2
3 info using node@v5.3.0
4 silly loadCurrentTree Starting
5 silly install loadCurrentTree
6 silly install readLocalPackageData
7 silly fetchPackageMetaData bcrypt@latest
8 silly fetchNamedPackageData bcrypt
9 silly mapToRegistry name bcrypt
10 silly mapToRegistry using default registry
11 silly mapToRegistry registry https://registry.npmjs.org/
12 silly mapToRegistry uri https://registry.npmjs.org/bcrypt
13 verbose request uri https://registry.npmjs.org/bcrypt
14 verbose request no auth needed
15 info attempt registry request try #1 at 16:02:11
16 verbose request id 650a06344440bd5b
17 verbose etag "4L5AQI73H1K3FL37KI4ILKKIX"
18 http request GET https://registry.npmjs.org/bcrypt
19 http 304 https://registry.npmjs.org/bcrypt
20 verbose headers { date: 'Mon, 28 Dec 2015 15:02:11 GMT',
20 verbose headers   via: '1.1 varnish',
20 verbose headers   'cache-control': 'max-age=300',
20 verbose headers   etag: '"4L5AQI73H1K3FL37KI4ILKKIX"',
20 verbose headers   age: '273',
20 verbose headers   connection: 'keep-alive',
20 verbose headers   'x-served-by': 'cache-ams4140-AMS',
20 verbose headers   'x-cache': 'HIT',
20 verbose headers   'x-cache-hits': '1',
20 verbose headers   'x-timer': 'S1451314931.233009,VS0,VE0',
20 verbose headers   vary: 'Accept' }
21 silly get cb [ 304,
21 silly get   { date: 'Mon, 28 Dec 2015 15:02:11 GMT',
21 silly get     via: '1.1 varnish',
21 silly get     'cache-control': 'max-age=300',
21 silly get     etag: '"4L5AQI73H1K3FL37KI4ILKKIX"',
21 silly get     age: '273',
21 silly get     connection: 'keep-alive',
21 silly get     'x-served-by': 'cache-ams4140-AMS',
21 silly get     'x-cache': 'HIT',
21 silly get     'x-cache-hits': '1',
21 silly get     'x-timer': 'S1451314931.233009,VS0,VE0',
21 silly get     vary: 'Accept' } ]
22 verbose etag https://registry.npmjs.org/bcrypt from cache
23 verbose get saving bcrypt to C:\Users\jelle\AppData\Roaming\npm-cache\registry.npmjs.org\bcrypt\.cache.json
24 silly install normalizeTree
25 silly loadCurrentTree Finishing
26 silly loadIdealTree Starting
27 silly install loadIdealTree
28 silly cloneCurrentTree Starting
29 silly install cloneCurrentTreeToIdealTree
30 silly cloneCurrentTree Finishing
31 silly loadShrinkwrap Starting
32 silly install loadShrinkwrap
33 silly loadShrinkwrap Finishing
34 silly loadAllDepsIntoIdealTree Starting
35 silly install loadAllDepsIntoIdealTree
36 silly resolveWithNewModule bcrypt@0.8.5 checking installable status
37 silly cache add args [ 'bcrypt@latest', null ]
38 verbose cache add spec bcrypt@latest
39 silly cache add parsed spec Result {
39 silly cache add   raw: 'bcrypt@latest',
39 silly cache add   scope: null,
39 silly cache add   name: 'bcrypt',
39 silly cache add   rawSpec: 'latest',
39 silly cache add   spec: 'latest',
39 silly cache add   type: 'tag' }
40 silly addNamed bcrypt@latest
41 verbose addNamed "latest" is being treated as a dist-tag for bcrypt
42 info addNameTag [ 'bcrypt', 'latest' ]
43 silly mapToRegistry name bcrypt
44 silly mapToRegistry using default registry
45 silly mapToRegistry registry https://registry.npmjs.org/
46 silly mapToRegistry uri https://registry.npmjs.org/bcrypt
47 verbose addNameTag registry:https://registry.npmjs.org/bcrypt not in flight; fetching
48 verbose get https://registry.npmjs.org/bcrypt not expired, no request
49 silly addNameTag next cb for bcrypt with tag latest
50 silly addNamed bcrypt@0.8.5
51 verbose addNamed "0.8.5" is a plain semver version for bcrypt
52 silly cache afterAdd bcrypt@0.8.5
53 verbose afterAdd C:\Users\jelle\AppData\Roaming\npm-cache\bcrypt\0.8.5\package\package.json not in flight; writing
54 verbose afterAdd C:\Users\jelle\AppData\Roaming\npm-cache\bcrypt\0.8.5\package\package.json written
55 silly fetchNamedPackageData bindings
56 silly mapToRegistry name bindings
57 silly mapToRegistry using default registry
58 silly mapToRegistry registry https://registry.npmjs.org/
59 silly mapToRegistry uri https://registry.npmjs.org/bindings
60 silly fetchNamedPackageData nan
61 silly mapToRegistry name nan
62 silly mapToRegistry using default registry
63 silly mapToRegistry registry https://registry.npmjs.org/
64 silly mapToRegistry uri https://registry.npmjs.org/nan
65 verbose request uri https://registry.npmjs.org/bindings
66 verbose request no auth needed
67 info attempt registry request try #1 at 16:02:11
68 verbose etag "2RXG5K4RRQWEOOFOAOOKVPOZR"
69 http request GET https://registry.npmjs.org/bindings
70 verbose request uri https://registry.npmjs.org/nan
71 verbose request no auth needed
72 info attempt registry request try #1 at 16:02:11
73 verbose etag "7CEDVJA24M9BXRU7SU6WRSW4M"
74 http request GET https://registry.npmjs.org/nan
75 http 304 https://registry.npmjs.org/bindings
76 verbose headers { date: 'Mon, 28 Dec 2015 15:02:11 GMT',
76 verbose headers   via: '1.1 varnish',
76 verbose headers   'cache-control': 'max-age=60',
76 verbose headers   etag: '"2RXG5K4RRQWEOOFOAOOKVPOZR"',
76 verbose headers   age: '8',
76 verbose headers   connection: 'keep-alive',
76 verbose headers   'x-served-by': 'cache-ams4133-AMS',
76 verbose headers   'x-cache': 'HIT',
76 verbose headers   'x-cache-hits': '1',
76 verbose headers   'x-timer': 'S1451314931.729638,VS0,VE0',
76 verbose headers   vary: 'Accept' }
77 silly get cb [ 304,
77 silly get   { date: 'Mon, 28 Dec 2015 15:02:11 GMT',
77 silly get     via: '1.1 varnish',
77 silly get     'cache-control': 'max-age=60',
77 silly get     etag: '"2RXG5K4RRQWEOOFOAOOKVPOZR"',
77 silly get     age: '8',
77 silly get     connection: 'keep-alive',
77 silly get     'x-served-by': 'cache-ams4133-AMS',
77 silly get     'x-cache': 'HIT',
77 silly get     'x-cache-hits': '1',
77 silly get     'x-timer': 'S1451314931.729638,VS0,VE0',
77 silly get     vary: 'Accept' } ]
78 verbose etag https://registry.npmjs.org/bindings from cache
79 verbose get saving bindings to C:\Users\jelle\AppData\Roaming\npm-cache\registry.npmjs.org\bindings\.cache.json
80 silly resolveWithNewModule bindings@1.2.1 checking installable status
81 silly cache add args [ 'bindings@1.2.1', null ]
82 verbose cache add spec bindings@1.2.1
83 silly cache add parsed spec Result {
83 silly cache add   raw: 'bindings@1.2.1',
83 silly cache add   scope: null,
83 silly cache add   name: 'bindings',
83 silly cache add   rawSpec: '1.2.1',
83 silly cache add   spec: '1.2.1',
83 silly cache add   type: 'version' }
84 silly addNamed bindings@1.2.1
85 verbose addNamed "1.2.1" is a plain semver version for bindings
86 silly mapToRegistry name bindings
87 silly mapToRegistry using default registry
88 silly mapToRegistry registry https://registry.npmjs.org/
89 silly mapToRegistry uri https://registry.npmjs.org/bindings
90 verbose addNameVersion registry:https://registry.npmjs.org/bindings not in flight; fetching
91 http 304 https://registry.npmjs.org/nan
92 verbose headers { date: 'Mon, 28 Dec 2015 15:02:11 GMT',
92 verbose headers   via: '1.1 varnish',
92 verbose headers   'cache-control': 'max-age=60',
92 verbose headers   etag: '"7CEDVJA24M9BXRU7SU6WRSW4M"',
92 verbose headers   age: '37',
92 verbose headers   connection: 'keep-alive',
92 verbose headers   'x-served-by': 'cache-ams4127-AMS',
92 verbose headers   'x-cache': 'HIT',
92 verbose headers   'x-cache-hits': '300',
92 verbose headers   'x-timer': 'S1451314931.742833,VS0,VE0',
92 verbose headers   vary: 'Accept' }
93 silly get cb [ 304,
93 silly get   { date: 'Mon, 28 Dec 2015 15:02:11 GMT',
93 silly get     via: '1.1 varnish',
93 silly get     'cache-control': 'max-age=60',
93 silly get     etag: '"7CEDVJA24M9BXRU7SU6WRSW4M"',
93 silly get     age: '37',
93 silly get     connection: 'keep-alive',
93 silly get     'x-served-by': 'cache-ams4127-AMS',
93 silly get     'x-cache': 'HIT',
93 silly get     'x-cache-hits': '300',
93 silly get     'x-timer': 'S1451314931.742833,VS0,VE0',
93 silly get     vary: 'Accept' } ]
94 verbose etag https://registry.npmjs.org/nan from cache
95 verbose get saving nan to C:\Users\jelle\AppData\Roaming\npm-cache\registry.npmjs.org\nan\.cache.json
96 verbose get https://registry.npmjs.org/bindings not expired, no request
97 silly cache afterAdd bindings@1.2.1
98 verbose afterAdd C:\Users\jelle\AppData\Roaming\npm-cache\bindings\1.2.1\package\package.json not in flight; writing
99 silly resolveWithNewModule nan@2.0.5 checking installable status
100 silly cache add args [ 'nan@2.0.5', null ]
101 verbose cache add spec nan@2.0.5
102 silly cache add parsed spec Result {
102 silly cache add   raw: 'nan@2.0.5',
102 silly cache add   scope: null,
102 silly cache add   name: 'nan',
102 silly cache add   rawSpec: '2.0.5',
102 silly cache add   spec: '2.0.5',
102 silly cache add   type: 'version' }
103 silly addNamed nan@2.0.5
104 verbose addNamed "2.0.5" is a plain semver version for nan
105 silly mapToRegistry name nan
106 silly mapToRegistry using default registry
107 silly mapToRegistry registry https://registry.npmjs.org/
108 silly mapToRegistry uri https://registry.npmjs.org/nan
109 verbose addNameVersion registry:https://registry.npmjs.org/nan not in flight; fetching
110 verbose afterAdd C:\Users\jelle\AppData\Roaming\npm-cache\bindings\1.2.1\package\package.json written
111 verbose get https://registry.npmjs.org/nan not expired, no request
112 silly cache afterAdd nan@2.0.5
113 verbose afterAdd C:\Users\jelle\AppData\Roaming\npm-cache\nan\2.0.5\package\package.json not in flight; writing
114 verbose afterAdd C:\Users\jelle\AppData\Roaming\npm-cache\nan\2.0.5\package\package.json written
115 silly loadAllDepsIntoIdealTree Finishing
116 silly idealTree:prePrune Geofeelingsapp@0.0.0
116 silly idealTree:prePrune ├── abbrev@1.0.7
116 silly idealTree:prePrune ├── accepts@1.2.13
116 silly idealTree:prePrune ├── acorn-globals@1.0.9
116 silly idealTree:prePrune ├── acorn@2.6.4
116 silly idealTree:prePrune ├── align-text@0.1.3
116 silly idealTree:prePrune ├── amdefine@1.0.0
116 silly idealTree:prePrune ├── ansi-regex@2.0.0
116 silly idealTree:prePrune ├── ansi-styles@2.1.0
116 silly idealTree:prePrune ├── ansi@0.3.0
116 silly idealTree:prePrune ├── are-we-there-yet@1.0.5
116 silly idealTree:prePrune ├── array-flatten@1.1.1
116 silly idealTree:prePrune ├── array-index@0.1.1
116 silly idealTree:prePrune ├── asap@1.0.0
116 silly idealTree:prePrune ├── asn1@0.2.3
116 silly idealTree:prePrune ├── assert-plus@0.1.5
116 silly idealTree:prePrune ├── async-foreach@0.1.3
116 silly idealTree:prePrune ├── async@0.2.10
116 silly idealTree:prePrune ├── aws-sign2@0.6.0
116 silly idealTree:prePrune ├── balanced-match@0.3.0
116 silly idealTree:prePrune ├── basic-auth@1.0.3
116 silly idealTree:prePrune ├── bcrypt@0.8.5
116 silly idealTree:prePrune ├── bindings@1.2.1
116 silly idealTree:prePrune ├── bl@1.0.0
116 silly idealTree:prePrune ├── block-stream@0.0.8
116 silly idealTree:prePrune ├── body-parser@1.13.3
116 silly idealTree:prePrune ├── boom@2.10.1
116 silly idealTree:prePrune ├── bootstrap@3.3.6
116 silly idealTree:prePrune ├── brace-expansion@1.1.2
116 silly idealTree:prePrune ├── builtin-modules@1.1.0
116 silly idealTree:prePrune ├── bytes@2.1.0
116 silly idealTree:prePrune ├─┬ camelcase-keys@2.0.0
116 silly idealTree:prePrune │ └── camelcase@2.0.1
116 silly idealTree:prePrune ├── camelcase@1.2.1
116 silly idealTree:prePrune ├── caseless@0.11.0
116 silly idealTree:prePrune ├── center-align@0.1.2
116 silly idealTree:prePrune ├── chalk@1.1.1
116 silly idealTree:prePrune ├── character-parser@1.2.1
116 silly idealTree:prePrune ├─┬ clean-css@3.4.8
116 silly idealTree:prePrune │ └── commander@2.8.1
116 silly idealTree:prePrune ├─┬ cliui@2.1.0
116 silly idealTree:prePrune │ └── wordwrap@0.0.2
116 silly idealTree:prePrune ├── combined-stream@1.0.5
116 silly idealTree:prePrune ├── commander@2.6.0
116 silly idealTree:prePrune ├── concat-map@0.0.1
116 silly idealTree:prePrune ├── concat-stream@1.5.1
116 silly idealTree:prePrune ├── config-chain@1.1.9
116 silly idealTree:prePrune ├── constantinople@3.0.2
116 silly idealTree:prePrune ├── content-disposition@0.5.0
116 silly idealTree:prePrune ├── content-type@1.0.1
116 silly idealTree:prePrune ├── cookie-parser@1.3.5
116 silly idealTree:prePrune ├── cookie-signature@1.0.6
116 silly idealTree:prePrune ├── cookie@0.1.3
116 silly idealTree:prePrune ├── core-util-is@1.0.2
116 silly idealTree:prePrune ├── cross-spawn-async@2.1.1
116 silly idealTree:prePrune ├── cross-spawn@2.1.0
116 silly idealTree:prePrune ├── cryptiles@2.0.5
116 silly idealTree:prePrune ├── css-parse@1.0.4
116 silly idealTree:prePrune ├── css-stringify@1.0.5
116 silly idealTree:prePrune ├── css@1.0.8
116 silly idealTree:prePrune ├── dashdash@1.10.1
116 silly idealTree:prePrune ├── debug@2.2.0
116 silly idealTree:prePrune ├── decamelize@1.1.2
116 silly idealTree:prePrune ├── delayed-stream@1.0.0
116 silly idealTree:prePrune ├── delegates@0.1.0
116 silly idealTree:prePrune ├── depd@1.0.1
116 silly idealTree:prePrune ├── destroy@1.0.3
116 silly idealTree:prePrune ├── ecc-jsbn@0.1.1
116 silly idealTree:prePrune ├── ee-first@1.1.1
116 silly idealTree:prePrune ├── error-ex@1.3.0
116 silly idealTree:prePrune ├── escape-html@1.0.2
116 silly idealTree:prePrune ├── escape-string-regexp@1.0.4
116 silly idealTree:prePrune ├── etag@1.7.0
116 silly idealTree:prePrune ├── express@4.13.3
116 silly idealTree:prePrune ├── extend@3.0.0
116 silly idealTree:prePrune ├── extsprintf@1.0.2
116 silly idealTree:prePrune ├── finalhandler@0.4.0
116 silly idealTree:prePrune ├── find-up@1.1.0
116 silly idealTree:prePrune ├── forever-agent@0.6.1
116 silly idealTree:prePrune ├─┬ form-data@1.0.0-rc3
116 silly idealTree:prePrune │ └── async@1.5.0
116 silly idealTree:prePrune ├── forwarded@0.1.0
116 silly idealTree:prePrune ├── fresh@0.3.0
116 silly idealTree:prePrune ├─┬ fstream@1.0.8
116 silly idealTree:prePrune │ └── graceful-fs@4.1.2
116 silly idealTree:prePrune ├── gauge@1.2.2
116 silly idealTree:prePrune ├── gaze@0.5.2
116 silly idealTree:prePrune ├── generate-function@2.0.0
116 silly idealTree:prePrune ├── generate-object-property@1.2.0
116 silly idealTree:prePrune ├── get-stdin@4.0.1
116 silly idealTree:prePrune ├─┬ glob@5.0.15
116 silly idealTree:prePrune │ └── minimatch@3.0.0
116 silly idealTree:prePrune ├─┬ globule@0.1.0
116 silly idealTree:prePrune │ ├── glob@3.1.21
116 silly idealTree:prePrune │ └── inherits@1.0.2
116 silly idealTree:prePrune ├── graceful-fs@1.2.3
116 silly idealTree:prePrune ├── graceful-readlink@1.0.1
116 silly idealTree:prePrune ├─┬ har-validator@2.0.3
116 silly idealTree:prePrune │ └── commander@2.9.0
116 silly idealTree:prePrune ├── has-ansi@2.0.0
116 silly idealTree:prePrune ├── has-unicode@1.0.1
116 silly idealTree:prePrune ├── hawk@3.1.2
116 silly idealTree:prePrune ├── hoek@2.16.3
116 silly idealTree:prePrune ├── hosted-git-info@2.1.4
116 silly idealTree:prePrune ├── http-errors@1.3.1
116 silly idealTree:prePrune ├── http-signature@1.1.0
116 silly idealTree:prePrune ├── iconv-lite@0.4.11
116 silly idealTree:prePrune ├── indent-string@2.1.0
116 silly idealTree:prePrune ├── inflight@1.0.4
116 silly idealTree:prePrune ├── inherits@2.0.1
116 silly idealTree:prePrune ├── ini@1.3.4
116 silly idealTree:prePrune ├── ipaddr.js@1.0.5
116 silly idealTree:prePrune ├── is-absolute@0.1.7
116 silly idealTree:prePrune ├── is-arrayish@0.2.1
116 silly idealTree:prePrune ├── is-buffer@1.1.0
116 silly idealTree:prePrune ├── is-builtin-module@1.0.0
116 silly idealTree:prePrune ├── is-finite@1.0.1
116 silly idealTree:prePrune ├── is-my-json-valid@2.12.3
116 silly idealTree:prePrune ├── is-promise@2.1.0
116 silly idealTree:prePrune ├── is-property@1.0.2
116 silly idealTree:prePrune ├── is-relative@0.1.3
116 silly idealTree:prePrune ├── is-typedarray@1.0.0
116 silly idealTree:prePrune ├── is-utf8@0.2.1
116 silly idealTree:prePrune ├── isarray@0.0.1
116 silly idealTree:prePrune ├── isstream@0.1.2
116 silly idealTree:prePrune ├── jade@1.11.0
116 silly idealTree:prePrune ├── jodid25519@1.0.2
116 silly idealTree:prePrune ├── jsbn@0.1.0
116 silly idealTree:prePrune ├── json-schema@0.2.2
116 silly idealTree:prePrune ├── json-stringify-safe@5.0.1
116 silly idealTree:prePrune ├── jsonpointer@2.0.0
116 silly idealTree:prePrune ├── jsprim@1.2.2
116 silly idealTree:prePrune ├── jstransformer@0.0.2
116 silly idealTree:prePrune ├── kind-of@2.0.1
116 silly idealTree:prePrune ├── lazy-cache@0.2.7
116 silly idealTree:prePrune ├─┬ load-json-file@1.1.0
116 silly idealTree:prePrune │ └── graceful-fs@4.1.2
116 silly idealTree:prePrune ├── lodash._basetostring@3.0.1
116 silly idealTree:prePrune ├── lodash._createpadding@3.6.1
116 silly idealTree:prePrune ├── lodash.pad@3.1.1
116 silly idealTree:prePrune ├── lodash.padleft@3.1.1
116 silly idealTree:prePrune ├── lodash.padright@3.1.1
116 silly idealTree:prePrune ├── lodash.repeat@3.0.1
116 silly idealTree:prePrune ├── lodash@1.0.2
116 silly idealTree:prePrune ├── longest@1.0.1
116 silly idealTree:prePrune ├── loud-rejection@1.2.0
116 silly idealTree:prePrune ├── lru-cache@3.2.0
116 silly idealTree:prePrune ├── map-obj@1.0.1
116 silly idealTree:prePrune ├── media-typer@0.3.0
116 silly idealTree:prePrune ├─┬ meow@3.6.0
116 silly idealTree:prePrune │ └── minimist@1.2.0
116 silly idealTree:prePrune ├── merge-descriptors@1.0.0
116 silly idealTree:prePrune ├── methods@1.1.1
116 silly idealTree:prePrune ├── mime-db@1.20.0
116 silly idealTree:prePrune ├── mime-types@2.1.8
116 silly idealTree:prePrune ├── mime@1.3.4
116 silly idealTree:prePrune ├─┬ minimatch@0.2.14
116 silly idealTree:prePrune │ └── lru-cache@2.7.3
116 silly idealTree:prePrune ├── minimist@0.0.8
116 silly idealTree:prePrune ├── mkdirp@0.5.1
116 silly idealTree:prePrune ├── morgan@1.6.1
116 silly idealTree:prePrune ├── ms@0.7.1
116 silly idealTree:prePrune ├── nan@2.0.5
116 silly idealTree:prePrune ├── negotiator@0.5.3
116 silly idealTree:prePrune ├─┬ node-gyp@3.2.1
116 silly idealTree:prePrune │ ├─┬ glob@4.5.3
116 silly idealTree:prePrune │ │ └── minimatch@2.0.10
116 silly idealTree:prePrune │ ├── graceful-fs@4.1.2
116 silly idealTree:prePrune │ ├── lru-cache@2.7.3
116 silly idealTree:prePrune │ └── minimatch@1.0.0
116 silly idealTree:prePrune ├── node-sass-middleware@0.8.0
116 silly idealTree:prePrune ├─┬ node-sass@3.4.2
116 silly idealTree:prePrune │ └── nan@2.1.0
116 silly idealTree:prePrune ├── node-uuid@1.4.7
116 silly idealTree:prePrune ├── nopt@3.0.6
116 silly idealTree:prePrune ├── normalize-package-data@2.3.5
116 silly idealTree:prePrune ├─┬ npmconf@2.1.2
116 silly idealTree:prePrune │ └── semver@4.3.6
116 silly idealTree:prePrune ├── npmlog@1.2.1
116 silly idealTree:prePrune ├── number-is-nan@1.0.0
116 silly idealTree:prePrune ├── oauth-sign@0.8.0
116 silly idealTree:prePrune ├── object-assign@4.0.1
116 silly idealTree:prePrune ├── on-finished@2.3.0
116 silly idealTree:prePrune ├── on-headers@1.0.1
116 silly idealTree:prePrune ├── once@1.3.3
116 silly idealTree:prePrune ├── optimist@0.3.7
116 silly idealTree:prePrune ├── os-homedir@1.0.1
116 silly idealTree:prePrune ├── os-shim@0.1.3
116 silly idealTree:prePrune ├── os-tmpdir@1.0.1
116 silly idealTree:prePrune ├── osenv@0.1.3
116 silly idealTree:prePrune ├── parse-json@2.2.0
116 silly idealTree:prePrune ├── parseurl@1.3.0
116 silly idealTree:prePrune ├── path-array@1.0.0
116 silly idealTree:prePrune ├── path-exists@2.1.0
116 silly idealTree:prePrune ├── path-is-absolute@1.0.0
116 silly idealTree:prePrune ├── path-to-regexp@0.1.7
116 silly idealTree:prePrune ├─┬ path-type@1.1.0
116 silly idealTree:prePrune │ └── graceful-fs@4.1.2
116 silly idealTree:prePrune ├── pify@2.3.0
116 silly idealTree:prePrune ├── pinkie-promise@2.0.0
116 silly idealTree:prePrune ├── pinkie@2.0.1
116 silly idealTree:prePrune ├── process-nextick-args@1.0.6
116 silly idealTree:prePrune ├── promise@6.1.0
116 silly idealTree:prePrune ├── proto-list@1.2.4
116 silly idealTree:prePrune ├── proxy-addr@1.0.10
116 silly idealTree:prePrune ├── pseudomap@1.0.1
116 silly idealTree:prePrune ├── qs@4.0.0
116 silly idealTree:prePrune ├── range-parser@1.0.3
116 silly idealTree:prePrune ├─┬ raw-body@2.1.5
116 silly idealTree:prePrune │ ├── bytes@2.2.0
116 silly idealTree:prePrune │ └── iconv-lite@0.4.13
116 silly idealTree:prePrune ├── read-pkg-up@1.0.1
116 silly idealTree:prePrune ├── read-pkg@1.1.0
116 silly idealTree:prePrune ├── readable-stream@2.0.5
116 silly idealTree:prePrune ├── redent@1.0.0
116 silly idealTree:prePrune ├── repeat-string@1.5.2
116 silly idealTree:prePrune ├── repeating@2.0.0
116 silly idealTree:prePrune ├─┬ request@2.67.0
116 silly idealTree:prePrune │ └── qs@5.2.0
116 silly idealTree:prePrune ├── right-align@0.1.3
116 silly idealTree:prePrune ├─┬ rimraf@2.5.0
116 silly idealTree:prePrune │ ├── glob@6.0.2
116 silly idealTree:prePrune │ └── minimatch@3.0.0
116 silly idealTree:prePrune ├─┬ sass-graph@2.0.1
116 silly idealTree:prePrune │ └── lodash@3.10.1
116 silly idealTree:prePrune ├── semver@5.1.0
116 silly idealTree:prePrune ├── send@0.13.0
116 silly idealTree:prePrune ├── serve-favicon@2.3.0
116 silly idealTree:prePrune ├── serve-static@1.10.0
116 silly idealTree:prePrune ├── sigmund@1.0.1
116 silly idealTree:prePrune ├── signal-exit@2.1.2
116 silly idealTree:prePrune ├── sntp@1.0.9
116 silly idealTree:prePrune ├── source-map@0.4.4
116 silly idealTree:prePrune ├── spawn-sync@1.0.13
116 silly idealTree:prePrune ├── spdx-correct@1.0.2
116 silly idealTree:prePrune ├── spdx-exceptions@1.0.4
116 silly idealTree:prePrune ├── spdx-expression-parse@1.0.2
116 silly idealTree:prePrune ├── spdx-license-ids@1.1.0
116 silly idealTree:prePrune ├─┬ sshpk@1.7.1
116 silly idealTree:prePrune │ └── assert-plus@0.2.0
116 silly idealTree:prePrune ├── statuses@1.2.1
116 silly idealTree:prePrune ├── string_decoder@0.10.31
116 silly idealTree:prePrune ├── stringstream@0.0.5
116 silly idealTree:prePrune ├── strip-ansi@3.0.0
116 silly idealTree:prePrune ├── strip-bom@2.0.0
116 silly idealTree:prePrune ├── strip-indent@1.0.1
116 silly idealTree:prePrune ├── supports-color@2.0.0
116 silly idealTree:prePrune ├── tar@2.2.1
116 silly idealTree:prePrune ├── tough-cookie@2.2.1
116 silly idealTree:prePrune ├─┬ transformers@2.1.0
116 silly idealTree:prePrune │ ├── is-promise@1.0.1
116 silly idealTree:prePrune │ ├── promise@2.0.0
116 silly idealTree:prePrune │ ├── source-map@0.1.43
116 silly idealTree:prePrune │ └── uglify-js@2.2.5
116 silly idealTree:prePrune ├── trim-newlines@1.0.0
116 silly idealTree:prePrune ├── tunnel-agent@0.4.2
116 silly idealTree:prePrune ├── tweetnacl@0.13.2
116 silly idealTree:prePrune ├── type-is@1.6.10
116 silly idealTree:prePrune ├── typedarray@0.0.6
116 silly idealTree:prePrune ├─┬ uglify-js@2.6.1
116 silly idealTree:prePrune │ └── source-map@0.5.3
116 silly idealTree:prePrune ├── uglify-to-browserify@1.0.2
116 silly idealTree:prePrune ├── uid-number@0.0.5
116 silly idealTree:prePrune ├── unpipe@1.0.0
116 silly idealTree:prePrune ├── util-deprecate@1.0.2
116 silly idealTree:prePrune ├── utils-merge@1.0.0
116 silly idealTree:prePrune ├── validate-npm-package-license@3.0.1
116 silly idealTree:prePrune ├── vary@1.0.1
116 silly idealTree:prePrune ├── verror@1.3.6
116 silly idealTree:prePrune ├── void-elements@2.0.1
116 silly idealTree:prePrune ├── which@1.2.1
116 silly idealTree:prePrune ├── window-size@0.1.0
116 silly idealTree:prePrune ├─┬ with@4.0.3
116 silly idealTree:prePrune │ └── acorn@1.2.2
116 silly idealTree:prePrune ├── wordwrap@0.0.3
116 silly idealTree:prePrune ├── wrappy@1.0.1
116 silly idealTree:prePrune ├── xtend@4.0.1
116 silly idealTree:prePrune └── yargs@3.10.0
117 silly loadIdealTree Finishing
118 silly currentTree Geofeelingsapp@0.0.0
118 silly currentTree ├── abbrev@1.0.7
118 silly currentTree ├── accepts@1.2.13
118 silly currentTree ├── acorn-globals@1.0.9
118 silly currentTree ├── acorn@2.6.4
118 silly currentTree ├── align-text@0.1.3
118 silly currentTree ├── amdefine@1.0.0
118 silly currentTree ├── ansi-regex@2.0.0
118 silly currentTree ├── ansi-styles@2.1.0
118 silly currentTree ├── ansi@0.3.0
118 silly currentTree ├── are-we-there-yet@1.0.5
118 silly currentTree ├── array-flatten@1.1.1
118 silly currentTree ├── array-index@0.1.1
118 silly currentTree ├── asap@1.0.0
118 silly currentTree ├── asn1@0.2.3
118 silly currentTree ├── assert-plus@0.1.5
118 silly currentTree ├── async-foreach@0.1.3
118 silly currentTree ├── async@0.2.10
118 silly currentTree ├── aws-sign2@0.6.0
118 silly currentTree ├── balanced-match@0.3.0
118 silly currentTree ├── basic-auth@1.0.3
118 silly currentTree ├── bl@1.0.0
118 silly currentTree ├── block-stream@0.0.8
118 silly currentTree ├── body-parser@1.13.3
118 silly currentTree ├── boom@2.10.1
118 silly currentTree ├── bootstrap@3.3.6
118 silly currentTree ├── brace-expansion@1.1.2
118 silly currentTree ├── builtin-modules@1.1.0
118 silly currentTree ├── bytes@2.1.0
118 silly currentTree ├─┬ camelcase-keys@2.0.0
118 silly currentTree │ └── camelcase@2.0.1
118 silly currentTree ├── camelcase@1.2.1
118 silly currentTree ├── caseless@0.11.0
118 silly currentTree ├── center-align@0.1.2
118 silly currentTree ├── chalk@1.1.1
118 silly currentTree ├── character-parser@1.2.1
118 silly currentTree ├─┬ clean-css@3.4.8
118 silly currentTree │ └── commander@2.8.1
118 silly currentTree ├─┬ cliui@2.1.0
118 silly currentTree │ └── wordwrap@0.0.2
118 silly currentTree ├── combined-stream@1.0.5
118 silly currentTree ├── commander@2.6.0
118 silly currentTree ├── concat-map@0.0.1
118 silly currentTree ├── concat-stream@1.5.1
118 silly currentTree ├── config-chain@1.1.9
118 silly currentTree ├── constantinople@3.0.2
118 silly currentTree ├── content-disposition@0.5.0
118 silly currentTree ├── content-type@1.0.1
118 silly currentTree ├── cookie-parser@1.3.5
118 silly currentTree ├── cookie-signature@1.0.6
118 silly currentTree ├── cookie@0.1.3
118 silly currentTree ├── core-util-is@1.0.2
118 silly currentTree ├── cross-spawn-async@2.1.1
118 silly currentTree ├── cross-spawn@2.1.0
118 silly currentTree ├── cryptiles@2.0.5
118 silly currentTree ├── css-parse@1.0.4
118 silly currentTree ├── css-stringify@1.0.5
118 silly currentTree ├── css@1.0.8
118 silly currentTree ├── dashdash@1.10.1
118 silly currentTree ├── debug@2.2.0
118 silly currentTree ├── decamelize@1.1.2
118 silly currentTree ├── delayed-stream@1.0.0
118 silly currentTree ├── delegates@0.1.0
118 silly currentTree ├── depd@1.0.1
118 silly currentTree ├── destroy@1.0.3
118 silly currentTree ├── ecc-jsbn@0.1.1
118 silly currentTree ├── ee-first@1.1.1
118 silly currentTree ├── error-ex@1.3.0
118 silly currentTree ├── escape-html@1.0.2
118 silly currentTree ├── escape-string-regexp@1.0.4
118 silly currentTree ├── etag@1.7.0
118 silly currentTree ├── express@4.13.3
118 silly currentTree ├── extend@3.0.0
118 silly currentTree ├── extsprintf@1.0.2
118 silly currentTree ├── finalhandler@0.4.0
118 silly currentTree ├── find-up@1.1.0
118 silly currentTree ├── forever-agent@0.6.1
118 silly currentTree ├─┬ form-data@1.0.0-rc3
118 silly currentTree │ └── async@1.5.0
118 silly currentTree ├── forwarded@0.1.0
118 silly currentTree ├── fresh@0.3.0
118 silly currentTree ├─┬ fstream@1.0.8
118 silly currentTree │ └── graceful-fs@4.1.2
118 silly currentTree ├── gauge@1.2.2
118 silly currentTree ├── gaze@0.5.2
118 silly currentTree ├── generate-function@2.0.0
118 silly currentTree ├── generate-object-property@1.2.0
118 silly currentTree ├── get-stdin@4.0.1
118 silly currentTree ├─┬ glob@5.0.15
118 silly currentTree │ └── minimatch@3.0.0
118 silly currentTree ├─┬ globule@0.1.0
118 silly currentTree │ ├── glob@3.1.21
118 silly currentTree │ └── inherits@1.0.2
118 silly currentTree ├── graceful-fs@1.2.3
118 silly currentTree ├── graceful-readlink@1.0.1
118 silly currentTree ├─┬ har-validator@2.0.3
118 silly currentTree │ └── commander@2.9.0
118 silly currentTree ├── has-ansi@2.0.0
118 silly currentTree ├── has-unicode@1.0.1
118 silly currentTree ├── hawk@3.1.2
118 silly currentTree ├── hoek@2.16.3
118 silly currentTree ├── hosted-git-info@2.1.4
118 silly currentTree ├── http-errors@1.3.1
118 silly currentTree ├── http-signature@1.1.0
118 silly currentTree ├── iconv-lite@0.4.11
118 silly currentTree ├── indent-string@2.1.0
118 silly currentTree ├── inflight@1.0.4
118 silly currentTree ├── inherits@2.0.1
118 silly currentTree ├── ini@1.3.4
118 silly currentTree ├── ipaddr.js@1.0.5
118 silly currentTree ├── is-absolute@0.1.7
118 silly currentTree ├── is-arrayish@0.2.1
118 silly currentTree ├── is-buffer@1.1.0
118 silly currentTree ├── is-builtin-module@1.0.0
118 silly currentTree ├── is-finite@1.0.1
118 silly currentTree ├── is-my-json-valid@2.12.3
118 silly currentTree ├── is-promise@2.1.0
118 silly currentTree ├── is-property@1.0.2
118 silly currentTree ├── is-relative@0.1.3
118 silly currentTree ├── is-typedarray@1.0.0
118 silly currentTree ├── is-utf8@0.2.1
118 silly currentTree ├── isarray@0.0.1
118 silly currentTree ├── isstream@0.1.2
118 silly currentTree ├── jade@1.11.0
118 silly currentTree ├── jodid25519@1.0.2
118 silly currentTree ├── jsbn@0.1.0
118 silly currentTree ├── json-schema@0.2.2
118 silly currentTree ├── json-stringify-safe@5.0.1
118 silly currentTree ├── jsonpointer@2.0.0
118 silly currentTree ├── jsprim@1.2.2
118 silly currentTree ├── jstransformer@0.0.2
118 silly currentTree ├── kind-of@2.0.1
118 silly currentTree ├── lazy-cache@0.2.7
118 silly currentTree ├─┬ load-json-file@1.1.0
118 silly currentTree │ └── graceful-fs@4.1.2
118 silly currentTree ├── lodash._basetostring@3.0.1
118 silly currentTree ├── lodash._createpadding@3.6.1
118 silly currentTree ├── lodash.pad@3.1.1
118 silly currentTree ├── lodash.padleft@3.1.1
118 silly currentTree ├── lodash.padright@3.1.1
118 silly currentTree ├── lodash.repeat@3.0.1
118 silly currentTree ├── lodash@1.0.2
118 silly currentTree ├── longest@1.0.1
118 silly currentTree ├── loud-rejection@1.2.0
118 silly currentTree ├── lru-cache@3.2.0
118 silly currentTree ├── map-obj@1.0.1
118 silly currentTree ├── media-typer@0.3.0
118 silly currentTree ├─┬ meow@3.6.0
118 silly currentTree │ └── minimist@1.2.0
118 silly currentTree ├── merge-descriptors@1.0.0
118 silly currentTree ├── methods@1.1.1
118 silly currentTree ├── mime-db@1.20.0
118 silly currentTree ├── mime-types@2.1.8
118 silly currentTree ├── mime@1.3.4
118 silly currentTree ├─┬ minimatch@0.2.14
118 silly currentTree │ └── lru-cache@2.7.3
118 silly currentTree ├── minimist@0.0.8
118 silly currentTree ├── mkdirp@0.5.1
118 silly currentTree ├── morgan@1.6.1
118 silly currentTree ├── ms@0.7.1
118 silly currentTree ├── negotiator@0.5.3
118 silly currentTree ├─┬ node-gyp@3.2.1
118 silly currentTree │ ├─┬ glob@4.5.3
118 silly currentTree │ │ └── minimatch@2.0.10
118 silly currentTree │ ├── graceful-fs@4.1.2
118 silly currentTree │ ├── lru-cache@2.7.3
118 silly currentTree │ └── minimatch@1.0.0
118 silly currentTree ├── node-sass-middleware@0.8.0
118 silly currentTree ├─┬ node-sass@3.4.2
118 silly currentTree │ └── nan@2.1.0
118 silly currentTree ├── node-uuid@1.4.7
118 silly currentTree ├── nopt@3.0.6
118 silly currentTree ├── normalize-package-data@2.3.5
118 silly currentTree ├─┬ npmconf@2.1.2
118 silly currentTree │ └── semver@4.3.6
118 silly currentTree ├── npmlog@1.2.1
118 silly currentTree ├── number-is-nan@1.0.0
118 silly currentTree ├── oauth-sign@0.8.0
118 silly currentTree ├── object-assign@4.0.1
118 silly currentTree ├── on-finished@2.3.0
118 silly currentTree ├── on-headers@1.0.1
118 silly currentTree ├── once@1.3.3
118 silly currentTree ├── optimist@0.3.7
118 silly currentTree ├── os-homedir@1.0.1
118 silly currentTree ├── os-shim@0.1.3
118 silly currentTree ├── os-tmpdir@1.0.1
118 silly currentTree ├── osenv@0.1.3
118 silly currentTree ├── parse-json@2.2.0
118 silly currentTree ├── parseurl@1.3.0
118 silly currentTree ├── path-array@1.0.0
118 silly currentTree ├── path-exists@2.1.0
118 silly currentTree ├── path-is-absolute@1.0.0
118 silly currentTree ├── path-to-regexp@0.1.7
118 silly currentTree ├─┬ path-type@1.1.0
118 silly currentTree │ └── graceful-fs@4.1.2
118 silly currentTree ├── pify@2.3.0
118 silly currentTree ├── pinkie-promise@2.0.0
118 silly currentTree ├── pinkie@2.0.1
118 silly currentTree ├── process-nextick-args@1.0.6
118 silly currentTree ├── promise@6.1.0
118 silly currentTree ├── proto-list@1.2.4
118 silly currentTree ├── proxy-addr@1.0.10
118 silly currentTree ├── pseudomap@1.0.1
118 silly currentTree ├── qs@4.0.0
118 silly currentTree ├── range-parser@1.0.3
118 silly currentTree ├─┬ raw-body@2.1.5
118 silly currentTree │ ├── bytes@2.2.0
118 silly currentTree │ └── iconv-lite@0.4.13
118 silly currentTree ├── read-pkg-up@1.0.1
118 silly currentTree ├── read-pkg@1.1.0
118 silly currentTree ├── readable-stream@2.0.5
118 silly currentTree ├── redent@1.0.0
118 silly currentTree ├── repeat-string@1.5.2
118 silly currentTree ├── repeating@2.0.0
118 silly currentTree ├─┬ request@2.67.0
118 silly currentTree │ └── qs@5.2.0
118 silly currentTree ├── right-align@0.1.3
118 silly currentTree ├─┬ rimraf@2.5.0
118 silly currentTree │ ├── glob@6.0.2
118 silly currentTree │ └── minimatch@3.0.0
118 silly currentTree ├─┬ sass-graph@2.0.1
118 silly currentTree │ └── lodash@3.10.1
118 silly currentTree ├── semver@5.1.0
118 silly currentTree ├── send@0.13.0
118 silly currentTree ├── serve-favicon@2.3.0
118 silly currentTree ├── serve-static@1.10.0
118 silly currentTree ├── sigmund@1.0.1
118 silly currentTree ├── signal-exit@2.1.2
118 silly currentTree ├── sntp@1.0.9
118 silly currentTree ├── source-map@0.4.4
118 silly currentTree ├── spawn-sync@1.0.13
118 silly currentTree ├── spdx-correct@1.0.2
118 silly currentTree ├── spdx-exceptions@1.0.4
118 silly currentTree ├── spdx-expression-parse@1.0.2
118 silly currentTree ├── spdx-license-ids@1.1.0
118 silly currentTree ├─┬ sshpk@1.7.1
118 silly currentTree │ └── assert-plus@0.2.0
118 silly currentTree ├── statuses@1.2.1
118 silly currentTree ├── string_decoder@0.10.31
118 silly currentTree ├── stringstream@0.0.5
118 silly currentTree ├── strip-ansi@3.0.0
118 silly currentTree ├── strip-bom@2.0.0
118 silly currentTree ├── strip-indent@1.0.1
118 silly currentTree ├── supports-color@2.0.0
118 silly currentTree ├── tar@2.2.1
118 silly currentTree ├── tough-cookie@2.2.1
118 silly currentTree ├─┬ transformers@2.1.0
118 silly currentTree │ ├── is-promise@1.0.1
118 silly currentTree │ ├── promise@2.0.0
118 silly currentTree │ ├── source-map@0.1.43
118 silly currentTree │ └── uglify-js@2.2.5
118 silly currentTree ├── trim-newlines@1.0.0
118 silly currentTree ├── tunnel-agent@0.4.2
118 silly currentTree ├── tweetnacl@0.13.2
118 silly currentTree ├── type-is@1.6.10
118 silly currentTree ├── typedarray@0.0.6
118 silly currentTree ├─┬ uglify-js@2.6.1
118 silly currentTree │ └── source-map@0.5.3
118 silly currentTree ├── uglify-to-browserify@1.0.2
118 silly currentTree ├── uid-number@0.0.5
118 silly currentTree ├── unpipe@1.0.0
118 silly currentTree ├── util-deprecate@1.0.2
118 silly currentTree ├── utils-merge@1.0.0
118 silly currentTree ├── validate-npm-package-license@3.0.1
118 silly currentTree ├── vary@1.0.1
118 silly currentTree ├── verror@1.3.6
118 silly currentTree ├── void-elements@2.0.1
118 silly currentTree ├── which@1.2.1
118 silly currentTree ├── window-size@0.1.0
118 silly currentTree ├─┬ with@4.0.3
118 silly currentTree │ └── acorn@1.2.2
118 silly currentTree ├── wordwrap@0.0.3
118 silly currentTree ├── wrappy@1.0.1
118 silly currentTree ├── xtend@4.0.1
118 silly currentTree └── yargs@3.10.0
119 silly idealTree Geofeelingsapp@0.0.0
119 silly idealTree ├── abbrev@1.0.7
119 silly idealTree ├── accepts@1.2.13
119 silly idealTree ├── acorn-globals@1.0.9
119 silly idealTree ├── acorn@2.6.4
119 silly idealTree ├── align-text@0.1.3
119 silly idealTree ├── amdefine@1.0.0
119 silly idealTree ├── ansi-regex@2.0.0
119 silly idealTree ├── ansi-styles@2.1.0
119 silly idealTree ├── ansi@0.3.0
119 silly idealTree ├── are-we-there-yet@1.0.5
119 silly idealTree ├── array-flatten@1.1.1
119 silly idealTree ├── array-index@0.1.1
119 silly idealTree ├── asap@1.0.0
119 silly idealTree ├── asn1@0.2.3
119 silly idealTree ├── assert-plus@0.1.5
119 silly idealTree ├── async-foreach@0.1.3
119 silly idealTree ├── async@0.2.10
119 silly idealTree ├── aws-sign2@0.6.0
119 silly idealTree ├── balanced-match@0.3.0
119 silly idealTree ├── basic-auth@1.0.3
119 silly idealTree ├── bcrypt@0.8.5
119 silly idealTree ├── bindings@1.2.1
119 silly idealTree ├── bl@1.0.0
119 silly idealTree ├── block-stream@0.0.8
119 silly idealTree ├── body-parser@1.13.3
119 silly idealTree ├── boom@2.10.1
119 silly idealTree ├── bootstrap@3.3.6
119 silly idealTree ├── brace-expansion@1.1.2
119 silly idealTree ├── builtin-modules@1.1.0
119 silly idealTree ├── bytes@2.1.0
119 silly idealTree ├─┬ camelcase-keys@2.0.0
119 silly idealTree │ └── camelcase@2.0.1
119 silly idealTree ├── camelcase@1.2.1
119 silly idealTree ├── caseless@0.11.0
119 silly idealTree ├── center-align@0.1.2
119 silly idealTree ├── chalk@1.1.1
119 silly idealTree ├── character-parser@1.2.1
119 silly idealTree ├─┬ clean-css@3.4.8
119 silly idealTree │ └── commander@2.8.1
119 silly idealTree ├─┬ cliui@2.1.0
119 silly idealTree │ └── wordwrap@0.0.2
119 silly idealTree ├── combined-stream@1.0.5
119 silly idealTree ├── commander@2.6.0
119 silly idealTree ├── concat-map@0.0.1
119 silly idealTree ├── concat-stream@1.5.1
119 silly idealTree ├── config-chain@1.1.9
119 silly idealTree ├── constantinople@3.0.2
119 silly idealTree ├── content-disposition@0.5.0
119 silly idealTree ├── content-type@1.0.1
119 silly idealTree ├── cookie-parser@1.3.5
119 silly idealTree ├── cookie-signature@1.0.6
119 silly idealTree ├── cookie@0.1.3
119 silly idealTree ├── core-util-is@1.0.2
119 silly idealTree ├── cross-spawn-async@2.1.1
119 silly idealTree ├── cross-spawn@2.1.0
119 silly idealTree ├── cryptiles@2.0.5
119 silly idealTree ├── css-parse@1.0.4
119 silly idealTree ├── css-stringify@1.0.5
119 silly idealTree ├── css@1.0.8
119 silly idealTree ├── dashdash@1.10.1
119 silly idealTree ├── debug@2.2.0
119 silly idealTree ├── decamelize@1.1.2
119 silly idealTree ├── delayed-stream@1.0.0
119 silly idealTree ├── delegates@0.1.0
119 silly idealTree ├── depd@1.0.1
119 silly idealTree ├── destroy@1.0.3
119 silly idealTree ├── ecc-jsbn@0.1.1
119 silly idealTree ├── ee-first@1.1.1
119 silly idealTree ├── error-ex@1.3.0
119 silly idealTree ├── escape-html@1.0.2
119 silly idealTree ├── escape-string-regexp@1.0.4
119 silly idealTree ├── etag@1.7.0
119 silly idealTree ├── express@4.13.3
119 silly idealTree ├── extend@3.0.0
119 silly idealTree ├── extsprintf@1.0.2
119 silly idealTree ├── finalhandler@0.4.0
119 silly idealTree ├── find-up@1.1.0
119 silly idealTree ├── forever-agent@0.6.1
119 silly idealTree ├─┬ form-data@1.0.0-rc3
119 silly idealTree │ └── async@1.5.0
119 silly idealTree ├── forwarded@0.1.0
119 silly idealTree ├── fresh@0.3.0
119 silly idealTree ├─┬ fstream@1.0.8
119 silly idealTree │ └── graceful-fs@4.1.2
119 silly idealTree ├── gauge@1.2.2
119 silly idealTree ├── gaze@0.5.2
119 silly idealTree ├── generate-function@2.0.0
119 silly idealTree ├── generate-object-property@1.2.0
119 silly idealTree ├── get-stdin@4.0.1
119 silly idealTree ├─┬ glob@5.0.15
119 silly idealTree │ └── minimatch@3.0.0
119 silly idealTree ├─┬ globule@0.1.0
119 silly idealTree │ ├── glob@3.1.21
119 silly idealTree │ └── inherits@1.0.2
119 silly idealTree ├── graceful-fs@1.2.3
119 silly idealTree ├── graceful-readlink@1.0.1
119 silly idealTree ├─┬ har-validator@2.0.3
119 silly idealTree │ └── commander@2.9.0
119 silly idealTree ├── has-ansi@2.0.0
119 silly idealTree ├── has-unicode@1.0.1
119 silly idealTree ├── hawk@3.1.2
119 silly idealTree ├── hoek@2.16.3
119 silly idealTree ├── hosted-git-info@2.1.4
119 silly idealTree ├── http-errors@1.3.1
119 silly idealTree ├── http-signature@1.1.0
119 silly idealTree ├── iconv-lite@0.4.11
119 silly idealTree ├── indent-string@2.1.0
119 silly idealTree ├── inflight@1.0.4
119 silly idealTree ├── inherits@2.0.1
119 silly idealTree ├── ini@1.3.4
119 silly idealTree ├── ipaddr.js@1.0.5
119 silly idealTree ├── is-absolute@0.1.7
119 silly idealTree ├── is-arrayish@0.2.1
119 silly idealTree ├── is-buffer@1.1.0
119 silly idealTree ├── is-builtin-module@1.0.0
119 silly idealTree ├── is-finite@1.0.1
119 silly idealTree ├── is-my-json-valid@2.12.3
119 silly idealTree ├── is-promise@2.1.0
119 silly idealTree ├── is-property@1.0.2
119 silly idealTree ├── is-relative@0.1.3
119 silly idealTree ├── is-typedarray@1.0.0
119 silly idealTree ├── is-utf8@0.2.1
119 silly idealTree ├── isarray@0.0.1
119 silly idealTree ├── isstream@0.1.2
119 silly idealTree ├── jade@1.11.0
119 silly idealTree ├── jodid25519@1.0.2
119 silly idealTree ├── jsbn@0.1.0
119 silly idealTree ├── json-schema@0.2.2
119 silly idealTree ├── json-stringify-safe@5.0.1
119 silly idealTree ├── jsonpointer@2.0.0
119 silly idealTree ├── jsprim@1.2.2
119 silly idealTree ├── jstransformer@0.0.2
119 silly idealTree ├── kind-of@2.0.1
119 silly idealTree ├── lazy-cache@0.2.7
119 silly idealTree ├─┬ load-json-file@1.1.0
119 silly idealTree │ └── graceful-fs@4.1.2
119 silly idealTree ├── lodash._basetostring@3.0.1
119 silly idealTree ├── lodash._createpadding@3.6.1
119 silly idealTree ├── lodash.pad@3.1.1
119 silly idealTree ├── lodash.padleft@3.1.1
119 silly idealTree ├── lodash.padright@3.1.1
119 silly idealTree ├── lodash.repeat@3.0.1
119 silly idealTree ├── lodash@1.0.2
119 silly idealTree ├── longest@1.0.1
119 silly idealTree ├── loud-rejection@1.2.0
119 silly idealTree ├── lru-cache@3.2.0
119 silly idealTree ├── map-obj@1.0.1
119 silly idealTree ├── media-typer@0.3.0
119 silly idealTree ├─┬ meow@3.6.0
119 silly idealTree │ └── minimist@1.2.0
119 silly idealTree ├── merge-descriptors@1.0.0
119 silly idealTree ├── methods@1.1.1
119 silly idealTree ├── mime-db@1.20.0
119 silly idealTree ├── mime-types@2.1.8
119 silly idealTree ├── mime@1.3.4
119 silly idealTree ├─┬ minimatch@0.2.14
119 silly idealTree │ └── lru-cache@2.7.3
119 silly idealTree ├── minimist@0.0.8
119 silly idealTree ├── mkdirp@0.5.1
119 silly idealTree ├── morgan@1.6.1
119 silly idealTree ├── ms@0.7.1
119 silly idealTree ├── nan@2.0.5
119 silly idealTree ├── negotiator@0.5.3
119 silly idealTree ├─┬ node-gyp@3.2.1
119 silly idealTree │ ├─┬ glob@4.5.3
119 silly idealTree │ │ └── minimatch@2.0.10
119 silly idealTree │ ├── graceful-fs@4.1.2
119 silly idealTree │ ├── lru-cache@2.7.3
119 silly idealTree │ └── minimatch@1.0.0
119 silly idealTree ├── node-sass-middleware@0.8.0
119 silly idealTree ├─┬ node-sass@3.4.2
119 silly idealTree │ └── nan@2.1.0
119 silly idealTree ├── node-uuid@1.4.7
119 silly idealTree ├── nopt@3.0.6
119 silly idealTree ├── normalize-package-data@2.3.5
119 silly idealTree ├─┬ npmconf@2.1.2
119 silly idealTree │ └── semver@4.3.6
119 silly idealTree ├── npmlog@1.2.1
119 silly idealTree ├── number-is-nan@1.0.0
119 silly idealTree ├── oauth-sign@0.8.0
119 silly idealTree ├── object-assign@4.0.1
119 silly idealTree ├── on-finished@2.3.0
119 silly idealTree ├── on-headers@1.0.1
119 silly idealTree ├── once@1.3.3
119 silly idealTree ├── optimist@0.3.7
119 silly idealTree ├── os-homedir@1.0.1
119 silly idealTree ├── os-shim@0.1.3
119 silly idealTree ├── os-tmpdir@1.0.1
119 silly idealTree ├── osenv@0.1.3
119 silly idealTree ├── parse-json@2.2.0
119 silly idealTree ├── parseurl@1.3.0
119 silly idealTree ├── path-array@1.0.0
119 silly idealTree ├── path-exists@2.1.0
119 silly idealTree ├── path-is-absolute@1.0.0
119 silly idealTree ├── path-to-regexp@0.1.7
119 silly idealTree ├─┬ path-type@1.1.0
119 silly idealTree │ └── graceful-fs@4.1.2
119 silly idealTree ├── pify@2.3.0
119 silly idealTree ├── pinkie-promise@2.0.0
119 silly idealTree ├── pinkie@2.0.1
119 silly idealTree ├── process-nextick-args@1.0.6
119 silly idealTree ├── promise@6.1.0
119 silly idealTree ├── proto-list@1.2.4
119 silly idealTree ├── proxy-addr@1.0.10
119 silly idealTree ├── pseudomap@1.0.1
119 silly idealTree ├── qs@4.0.0
119 silly idealTree ├── range-parser@1.0.3
119 silly idealTree ├─┬ raw-body@2.1.5
119 silly idealTree │ ├── bytes@2.2.0
119 silly idealTree │ └── iconv-lite@0.4.13
119 silly idealTree ├── read-pkg-up@1.0.1
119 silly idealTree ├── read-pkg@1.1.0
119 silly idealTree ├── readable-stream@2.0.5
119 silly idealTree ├── redent@1.0.0
119 silly idealTree ├── repeat-string@1.5.2
119 silly idealTree ├── repeating@2.0.0
119 silly idealTree ├─┬ request@2.67.0
119 silly idealTree │ └── qs@5.2.0
119 silly idealTree ├── right-align@0.1.3
119 silly idealTree ├─┬ rimraf@2.5.0
119 silly idealTree │ ├── glob@6.0.2
119 silly idealTree │ └── minimatch@3.0.0
119 silly idealTree ├─┬ sass-graph@2.0.1
119 silly idealTree │ └── lodash@3.10.1
119 silly idealTree ├── semver@5.1.0
119 silly idealTree ├── send@0.13.0
119 silly idealTree ├── serve-favicon@2.3.0
119 silly idealTree ├── serve-static@1.10.0
119 silly idealTree ├── sigmund@1.0.1
119 silly idealTree ├── signal-exit@2.1.2
119 silly idealTree ├── sntp@1.0.9
119 silly idealTree ├── source-map@0.4.4
119 silly idealTree ├── spawn-sync@1.0.13
119 silly idealTree ├── spdx-correct@1.0.2
119 silly idealTree ├── spdx-exceptions@1.0.4
119 silly idealTree ├── spdx-expression-parse@1.0.2
119 silly idealTree ├── spdx-license-ids@1.1.0
119 silly idealTree ├─┬ sshpk@1.7.1
119 silly idealTree │ └── assert-plus@0.2.0
119 silly idealTree ├── statuses@1.2.1
119 silly idealTree ├── string_decoder@0.10.31
119 silly idealTree ├── stringstream@0.0.5
119 silly idealTree ├── strip-ansi@3.0.0
119 silly idealTree ├── strip-bom@2.0.0
119 silly idealTree ├── strip-indent@1.0.1
119 silly idealTree ├── supports-color@2.0.0
119 silly idealTree ├── tar@2.2.1
119 silly idealTree ├── tough-cookie@2.2.1
119 silly idealTree ├─┬ transformers@2.1.0
119 silly idealTree │ ├── is-promise@1.0.1
119 silly idealTree │ ├── promise@2.0.0
119 silly idealTree │ ├── source-map@0.1.43
119 silly idealTree │ └── uglify-js@2.2.5
119 silly idealTree ├── trim-newlines@1.0.0
119 silly idealTree ├── tunnel-agent@0.4.2
119 silly idealTree ├── tweetnacl@0.13.2
119 silly idealTree ├── type-is@1.6.10
119 silly idealTree ├── typedarray@0.0.6
119 silly idealTree ├─┬ uglify-js@2.6.1
119 silly idealTree │ └── source-map@0.5.3
119 silly idealTree ├── uglify-to-browserify@1.0.2
119 silly idealTree ├── uid-number@0.0.5
119 silly idealTree ├── unpipe@1.0.0
119 silly idealTree ├── util-deprecate@1.0.2
119 silly idealTree ├── utils-merge@1.0.0
119 silly idealTree ├── validate-npm-package-license@3.0.1
119 silly idealTree ├── vary@1.0.1
119 silly idealTree ├── verror@1.3.6
119 silly idealTree ├── void-elements@2.0.1
119 silly idealTree ├── which@1.2.1
119 silly idealTree ├── window-size@0.1.0
119 silly idealTree ├─┬ with@4.0.3
119 silly idealTree │ └── acorn@1.2.2
119 silly idealTree ├── wordwrap@0.0.3
119 silly idealTree ├── wrappy@1.0.1
119 silly idealTree ├── xtend@4.0.1
119 silly idealTree └── yargs@3.10.0
120 silly generateActionsToTake Starting
121 silly install generateActionsToTake
122 silly generateActionsToTake Finishing
123 silly diffTrees action count 3
124 silly diffTrees add bindings@1.2.1
125 silly diffTrees add nan@2.0.5
126 silly diffTrees add bcrypt@0.8.5
127 silly decomposeActions action count 24
128 silly decomposeActions fetch bindings@1.2.1
129 silly decomposeActions extract bindings@1.2.1
130 silly decomposeActions test bindings@1.2.1
131 silly decomposeActions preinstall bindings@1.2.1
132 silly decomposeActions build bindings@1.2.1
133 silly decomposeActions install bindings@1.2.1
134 silly decomposeActions postinstall bindings@1.2.1
135 silly decomposeActions finalize bindings@1.2.1
136 silly decomposeActions fetch nan@2.0.5
137 silly decomposeActions extract nan@2.0.5
138 silly decomposeActions test nan@2.0.5
139 silly decomposeActions preinstall nan@2.0.5
140 silly decomposeActions build nan@2.0.5
141 silly decomposeActions install nan@2.0.5
142 silly decomposeActions postinstall nan@2.0.5
143 silly decomposeActions finalize nan@2.0.5
144 silly decomposeActions fetch bcrypt@0.8.5
145 silly decomposeActions extract bcrypt@0.8.5
146 silly decomposeActions test bcrypt@0.8.5
147 silly decomposeActions preinstall bcrypt@0.8.5
148 silly decomposeActions build bcrypt@0.8.5
149 silly decomposeActions install bcrypt@0.8.5
150 silly decomposeActions postinstall bcrypt@0.8.5
151 silly decomposeActions finalize bcrypt@0.8.5
152 silly executeActions Starting
153 silly install executeActions
154 silly doSerial global-install 0
155 silly doParallel fetch 3
156 verbose lock using C:\Users\jelle\AppData\Roaming\npm-cache\_locks\staging-f16841b3ef814084.lock for C:\Users\jelle\Documents\Github\ProjectBackend\Geofeelingsapp\node_modules\.staging
157 silly doParallel extract 3
158 silly extract bindings@1.2.1
159 silly extract nan@2.0.5
160 silly extract bcrypt@0.8.5
161 verbose unbuild node_modules\.staging\nan-4212047d
162 verbose unbuild node_modules\.staging\bindings-868165d9
163 verbose unbuild node_modules\.staging\bcrypt-72bf3ba2
164 silly gentlyRm C:\Users\jelle\Documents\Github\ProjectBackend\Geofeelingsapp\node_modules\.staging\nan-4212047d is being purged from base C:\Users\jelle\Documents\Github\ProjectBackend\Geofeelingsapp
165 verbose gentlyRm don't care about contents; nuking C:\Users\jelle\Documents\Github\ProjectBackend\Geofeelingsapp\node_modules\.staging\nan-4212047d
166 silly gentlyRm C:\Users\jelle\Documents\Github\ProjectBackend\Geofeelingsapp\node_modules\.staging\bindings-868165d9 is being purged from base C:\Users\jelle\Documents\Github\ProjectBackend\Geofeelingsapp
167 verbose gentlyRm don't care about contents; nuking C:\Users\jelle\Documents\Github\ProjectBackend\Geofeelingsapp\node_modules\.staging\bindings-868165d9
168 verbose tar unpack C:\Users\jelle\AppData\Roaming\npm-cache\nan\2.0.5\package.tgz
169 verbose tar unpacking to C:\Users\jelle\Documents\Github\ProjectBackend\Geofeelingsapp\node_modules\.staging\nan-4212047d
170 silly gentlyRm C:\Users\jelle\Documents\Github\ProjectBackend\Geofeelingsapp\node_modules\.staging\nan-4212047d is being purged
171 verbose gentlyRm don't care about contents; nuking C:\Users\jelle\Documents\Github\ProjectBackend\Geofeelingsapp\node_modules\.staging\nan-4212047d
172 silly gentlyRm C:\Users\jelle\Documents\Github\ProjectBackend\Geofeelingsapp\node_modules\.staging\bcrypt-72bf3ba2 is being purged from base C:\Users\jelle\Documents\Github\ProjectBackend\Geofeelingsapp
173 verbose gentlyRm don't care about contents; nuking C:\Users\jelle\Documents\Github\ProjectBackend\Geofeelingsapp\node_modules\.staging\bcrypt-72bf3ba2
174 verbose tar unpack C:\Users\jelle\AppData\Roaming\npm-cache\bindings\1.2.1\package.tgz
175 verbose tar unpacking to C:\Users\jelle\Documents\Github\ProjectBackend\Geofeelingsapp\node_modules\.staging\bindings-868165d9
176 silly gentlyRm C:\Users\jelle\Documents\Github\ProjectBackend\Geofeelingsapp\node_modules\.staging\bindings-868165d9 is being purged
177 verbose gentlyRm don't care about contents; nuking C:\Users\jelle\Documents\Github\ProjectBackend\Geofeelingsapp\node_modules\.staging\bindings-868165d9
178 silly gunzTarPerm modes [ '777', '666' ]
179 verbose tar unpack C:\Users\jelle\AppData\Roaming\npm-cache\bcrypt\0.8.5\package.tgz
180 verbose tar unpacking to C:\Users\jelle\Documents\Github\ProjectBackend\Geofeelingsapp\node_modules\.staging\bcrypt-72bf3ba2
181 silly gentlyRm C:\Users\jelle\Documents\Github\ProjectBackend\Geofeelingsapp\node_modules\.staging\bcrypt-72bf3ba2 is being purged
182 verbose gentlyRm don't care about contents; nuking C:\Users\jelle\Documents\Github\ProjectBackend\Geofeelingsapp\node_modules\.staging\bcrypt-72bf3ba2
183 silly gunzTarPerm modes [ '777', '666' ]
184 silly gunzTarPerm modes [ '777', '666' ]
185 silly gunzTarPerm extractEntry package.json
186 silly gunzTarPerm modified mode [ 'package.json', 436, 438 ]
187 silly gunzTarPerm extractEntry package.json
188 silly gunzTarPerm modified mode [ 'package.json', 420, 438 ]
189 silly gunzTarPerm extractEntry package.json
190 silly gunzTarPerm modified mode [ 'package.json', 420, 438 ]
191 silly gunzTarPerm extractEntry README.md
192 silly gunzTarPerm modified mode [ 'README.md', 436, 438 ]
193 silly gunzTarPerm extractEntry include_dirs.js
194 silly gunzTarPerm modified mode [ 'include_dirs.js', 436, 438 ]
195 silly gunzTarPerm extractEntry nan_converters.h
196 silly gunzTarPerm modified mode [ 'nan_converters.h', 436, 438 ]
197 silly gunzTarPerm extractEntry LICENSE.md
198 silly gunzTarPerm modified mode [ 'LICENSE.md', 436, 438 ]
199 silly gunzTarPerm extractEntry .dntrc
200 silly gunzTarPerm modified mode [ '.dntrc', 436, 438 ]
201 silly gunzTarPerm extractEntry appveyor.yml
202 silly gunzTarPerm modified mode [ 'appveyor.yml', 436, 438 ]
203 silly gunzTarPerm extractEntry doc/new.md
204 silly gunzTarPerm modified mode [ 'doc/new.md', 436, 438 ]
205 silly gunzTarPerm extractEntry doc/.build.sh
206 silly gunzTarPerm modified mode [ 'doc/.build.sh', 509, 511 ]
207 silly gunzTarPerm extractEntry doc/buffers.md
208 silly gunzTarPerm modified mode [ 'doc/buffers.md', 436, 438 ]
209 silly gunzTarPerm extractEntry doc/callback.md
210 silly gunzTarPerm modified mode [ 'doc/callback.md', 436, 438 ]
211 silly gunzTarPerm extractEntry doc/converters.md
212 silly gunzTarPerm modified mode [ 'doc/converters.md', 436, 438 ]
213 silly gunzTarPerm extractEntry doc/errors.md
214 silly gunzTarPerm modified mode [ 'doc/errors.md', 436, 438 ]
215 silly gunzTarPerm extractEntry doc/maybe_types.md
216 silly gunzTarPerm modified mode [ 'doc/maybe_types.md', 436, 438 ]
217 silly gunzTarPerm extractEntry doc/methods.md
218 silly gunzTarPerm modified mode [ 'doc/methods.md', 436, 438 ]
219 silly gunzTarPerm extractEntry doc/asyncworker.md
220 silly gunzTarPerm modified mode [ 'doc/asyncworker.md', 436, 438 ]
221 silly gunzTarPerm extractEntry doc/node_misc.md
222 silly gunzTarPerm modified mode [ 'doc/node_misc.md', 436, 438 ]
223 silly gunzTarPerm extractEntry doc/persistent.md
224 silly gunzTarPerm modified mode [ 'doc/persistent.md', 436, 438 ]
225 silly gunzTarPerm extractEntry doc/scopes.md
226 silly gunzTarPerm modified mode [ 'doc/scopes.md', 436, 438 ]
227 silly gunzTarPerm extractEntry doc/script.md
228 silly gunzTarPerm modified mode [ 'doc/script.md', 436, 438 ]
229 silly gunzTarPerm extractEntry doc/string_bytes.md
230 silly gunzTarPerm modified mode [ 'doc/string_bytes.md', 436, 438 ]
231 silly gunzTarPerm extractEntry doc/v8_internals.md
232 silly gunzTarPerm modified mode [ 'doc/v8_internals.md', 436, 438 ]
233 silly gunzTarPerm extractEntry doc/v8_misc.md
234 silly gunzTarPerm modified mode [ 'doc/v8_misc.md', 436, 438 ]
235 silly gunzTarPerm extractEntry nan.h
236 silly gunzTarPerm modified mode [ 'nan.h', 436, 438 ]
237 silly gunzTarPerm extractEntry nan_callbacks.h
238 silly gunzTarPerm modified mode [ 'nan_callbacks.h', 436, 438 ]
239 silly gunzTarPerm extractEntry nan_callbacks_12_inl.h
240 silly gunzTarPerm modified mode [ 'nan_callbacks_12_inl.h', 436, 438 ]
241 silly gunzTarPerm extractEntry nan_callbacks_pre_12_inl.h
242 silly gunzTarPerm modified mode [ 'nan_callbacks_pre_12_inl.h', 436, 438 ]
243 silly gunzTarPerm extractEntry nan_converters_43_inl.h
244 silly gunzTarPerm modified mode [ 'nan_converters_43_inl.h', 436, 438 ]
245 silly gunzTarPerm extractEntry nan_converters_pre_43_inl.h
246 silly gunzTarPerm modified mode [ 'nan_converters_pre_43_inl.h', 436, 438 ]
247 silly gunzTarPerm extractEntry nan_implementation_12_inl.h
248 silly gunzTarPerm modified mode [ 'nan_implementation_12_inl.h', 436, 438 ]
249 silly gunzTarPerm extractEntry nan_implementation_pre_12_inl.h
250 silly gunzTarPerm modified mode [ 'nan_implementation_pre_12_inl.h', 436, 438 ]
251 silly gunzTarPerm extractEntry nan_maybe_43_inl.h
252 silly gunzTarPerm modified mode [ 'nan_maybe_43_inl.h', 436, 438 ]
253 silly gunzTarPerm extractEntry nan_maybe_pre_43_inl.h
254 silly gunzTarPerm modified mode [ 'nan_maybe_pre_43_inl.h', 436, 438 ]
255 silly gunzTarPerm extractEntry nan_new.h
256 silly gunzTarPerm modified mode [ 'nan_new.h', 436, 438 ]
257 silly gunzTarPerm extractEntry nan_object_wrap.h
258 silly gunzTarPerm modified mode [ 'nan_object_wrap.h', 436, 438 ]
259 silly gunzTarPerm extractEntry nan_persistent_12_inl.h
260 silly gunzTarPerm modified mode [ 'nan_persistent_12_inl.h', 436, 438 ]
261 silly gunzTarPerm extractEntry nan_persistent_pre_12_inl.h
262 silly gunzTarPerm modified mode [ 'nan_persistent_pre_12_inl.h', 436, 438 ]
263 silly gunzTarPerm extractEntry nan_string_bytes.h
264 silly gunzTarPerm modified mode [ 'nan_string_bytes.h', 436, 438 ]
265 silly gunzTarPerm extractEntry nan_weak.h
266 silly gunzTarPerm modified mode [ 'nan_weak.h', 436, 438 ]
267 silly gunzTarPerm extractEntry CHANGELOG.md
268 silly gunzTarPerm modified mode [ 'CHANGELOG.md', 436, 438 ]
269 silly gunzTarPerm extractEntry tools/package.json
270 silly gunzTarPerm modified mode [ 'tools/package.json', 436, 438 ]
271 silly gunzTarPerm extractEntry tools/README.md
272 silly gunzTarPerm modified mode [ 'tools/README.md', 436, 438 ]
273 silly gunzTarPerm extractEntry tools/1to2.js
274 silly gunzTarPerm modified mode [ 'tools/1to2.js', 509, 511 ]
275 silly gunzTarPerm extractEntry README.md
276 silly gunzTarPerm modified mode [ 'README.md', 420, 438 ]
277 silly gunzTarPerm extractEntry bindings.js
278 silly gunzTarPerm modified mode [ 'bindings.js', 420, 438 ]
279 silly gunzTarPerm extractEntry .npmignore
280 silly gunzTarPerm modified mode [ '.npmignore', 420, 438 ]
281 silly gunzTarPerm extractEntry README.md
282 silly gunzTarPerm modified mode [ 'README.md', 420, 438 ]
283 silly gunzTarPerm extractEntry LICENSE
284 silly gunzTarPerm modified mode [ 'LICENSE', 420, 438 ]
285 silly gunzTarPerm extractEntry bcrypt.js
286 silly gunzTarPerm modified mode [ 'bcrypt.js', 420, 438 ]
287 silly gunzTarPerm extractEntry binding.gyp
288 silly gunzTarPerm modified mode [ 'binding.gyp', 420, 438 ]
289 silly gunzTarPerm extractEntry .travis.yml
290 silly gunzTarPerm modified mode [ '.travis.yml', 420, 438 ]
291 silly gunzTarPerm extractEntry CHANGELOG.md
292 silly gunzTarPerm modified mode [ 'CHANGELOG.md', 420, 438 ]
293 silly gunzTarPerm extractEntry examples/async_compare.js
294 silly gunzTarPerm modified mode [ 'examples/async_compare.js', 420, 438 ]
295 silly gunzTarPerm extractEntry examples/forever_gen_salt.js
296 silly gunzTarPerm modified mode [ 'examples/forever_gen_salt.js', 420, 438 ]
297 silly gentlyRm C:\Users\jelle\Documents\Github\ProjectBackend\Geofeelingsapp\node_modules\.staging\bindings-868165d9\node_modules is being purged
298 verbose gentlyRm don't care about contents; nuking C:\Users\jelle\Documents\Github\ProjectBackend\Geofeelingsapp\node_modules\.staging\bindings-868165d9\node_modules
299 silly gunzTarPerm extractEntry test/async.js
300 silly gunzTarPerm modified mode [ 'test/async.js', 420, 438 ]
301 silly gunzTarPerm extractEntry test/repetitions.js
302 silly gunzTarPerm modified mode [ 'test/repetitions.js', 420, 438 ]
303 silly gunzTarPerm extractEntry test/sync.js
304 silly gunzTarPerm modified mode [ 'test/sync.js', 420, 438 ]
305 silly gunzTarPerm extractEntry Makefile
306 silly gunzTarPerm modified mode [ 'Makefile', 420, 438 ]
307 silly gunzTarPerm extractEntry src/bcrypt.cc
308 silly gunzTarPerm modified mode [ 'src/bcrypt.cc', 420, 438 ]
309 silly gunzTarPerm extractEntry src/bcrypt_node.cc
310 silly gunzTarPerm modified mode [ 'src/bcrypt_node.cc', 420, 438 ]
311 silly gunzTarPerm extractEntry src/blowfish.cc
312 silly gunzTarPerm modified mode [ 'src/blowfish.cc', 420, 438 ]
313 silly gunzTarPerm extractEntry src/node_blf.h
314 silly gunzTarPerm modified mode [ 'src/node_blf.h', 420, 438 ]
315 silly gunzTarPerm extractEntry werker.yml
316 silly gunzTarPerm modified mode [ 'werker.yml', 420, 438 ]
317 silly gentlyRm C:\Users\jelle\Documents\Github\ProjectBackend\Geofeelingsapp\node_modules\.staging\bcrypt-72bf3ba2\node_modules is being purged
318 verbose gentlyRm don't care about contents; nuking C:\Users\jelle\Documents\Github\ProjectBackend\Geofeelingsapp\node_modules\.staging\bcrypt-72bf3ba2\node_modules
319 silly gentlyRm C:\Users\jelle\Documents\Github\ProjectBackend\Geofeelingsapp\node_modules\.staging\nan-4212047d\node_modules is being purged
320 verbose gentlyRm don't care about contents; nuking C:\Users\jelle\Documents\Github\ProjectBackend\Geofeelingsapp\node_modules\.staging\nan-4212047d\node_modules
321 silly doParallel preinstall 3
322 silly preinstall bindings@1.2.1 C:\Users\jelle\Documents\Github\ProjectBackend\Geofeelingsapp\node_modules\.staging\bindings-868165d9
323 info lifecycle bindings@1.2.1~preinstall: bindings@1.2.1
324 silly preinstall nan@2.0.5 C:\Users\jelle\Documents\Github\ProjectBackend\Geofeelingsapp\node_modules\.staging\nan-4212047d
325 info lifecycle nan@2.0.5~preinstall: nan@2.0.5
326 silly preinstall bcrypt@0.8.5 C:\Users\jelle\Documents\Github\ProjectBackend\Geofeelingsapp\node_modules\.staging\bcrypt-72bf3ba2
327 info lifecycle bcrypt@0.8.5~preinstall: bcrypt@0.8.5
328 silly lifecycle bindings@1.2.1~preinstall: no script for preinstall, continuing
329 silly lifecycle nan@2.0.5~preinstall: no script for preinstall, continuing
330 silly lifecycle bcrypt@0.8.5~preinstall: no script for preinstall, continuing
331 silly doReverseSerial remove 0
332 silly doSerial move 0
333 silly doSerial finalize 3
334 silly finalize C:\Users\jelle\Documents\Github\ProjectBackend\Geofeelingsapp\node_modules\bindings
335 silly finalize C:\Users\jelle\Documents\Github\ProjectBackend\Geofeelingsapp\node_modules\nan
336 silly finalize C:\Users\jelle\Documents\Github\ProjectBackend\Geofeelingsapp\node_modules\bcrypt
337 silly doSerial build 3
338 silly build bindings@1.2.1
339 info linkStuff bindings@1.2.1
340 silly linkStuff bindings@1.2.1 has C:\Users\jelle\Documents\Github\ProjectBackend\Geofeelingsapp\node_modules as its parent node_modules
341 verbose linkBins bindings@1.2.1
342 verbose linkMans bindings@1.2.1
343 silly build nan@2.0.5
344 info linkStuff nan@2.0.5
345 silly linkStuff nan@2.0.5 has C:\Users\jelle\Documents\Github\ProjectBackend\Geofeelingsapp\node_modules as its parent node_modules
346 verbose linkBins nan@2.0.5
347 verbose linkMans nan@2.0.5
348 silly build bcrypt@0.8.5
349 info linkStuff bcrypt@0.8.5
350 silly linkStuff bcrypt@0.8.5 has C:\Users\jelle\Documents\Github\ProjectBackend\Geofeelingsapp\node_modules as its parent node_modules
351 verbose linkBins bcrypt@0.8.5
352 verbose linkMans bcrypt@0.8.5
353 silly doSerial global-link 0
354 silly doParallel update-linked 0
355 silly doSerial install 3
356 silly install bindings@1.2.1 C:\Users\jelle\Documents\Github\ProjectBackend\Geofeelingsapp\node_modules\.staging\bindings-868165d9
357 info lifecycle bindings@1.2.1~install: bindings@1.2.1
358 silly lifecycle bindings@1.2.1~install: no script for install, continuing
359 silly install nan@2.0.5 C:\Users\jelle\Documents\Github\ProjectBackend\Geofeelingsapp\node_modules\.staging\nan-4212047d
360 info lifecycle nan@2.0.5~install: nan@2.0.5
361 silly lifecycle nan@2.0.5~install: no script for install, continuing
362 silly install bcrypt@0.8.5 C:\Users\jelle\Documents\Github\ProjectBackend\Geofeelingsapp\node_modules\.staging\bcrypt-72bf3ba2
363 info lifecycle bcrypt@0.8.5~install: bcrypt@0.8.5
364 verbose lifecycle bcrypt@0.8.5~install: unsafe-perm in lifecycle true
365 verbose lifecycle bcrypt@0.8.5~install: PATH: C:\Users\jelle\AppData\Roaming\npm\node_modules\npm\bin\node-gyp-bin;C:\Users\jelle\Documents\Github\ProjectBackend\Geofeelingsapp\node_modules\bcrypt\node_modules\.bin;C:\Users\jelle\Documents\Github\ProjectBackend\Geofeelingsapp\node_modules\.bin;C:\WINDOWS\system32;C:\WINDOWS;C:\WINDOWS\System32\Wbem;C:\WINDOWS\System32\WindowsPowerShell\v1.0\;C:\Program Files (x86)\ATI Technologies\ATI.ACE\Core-Static;C:\Users\jelle\.dnx\bin;C:\Program Files\Microsoft DNX\Dnvm\;C:\Program Files (x86)\Skype\Phone\;C:\Program Files (x86)\Windows Kits\10\Windows Performance Toolkit\;C:\Program Files (x86)\GtkSharp\2.12\bin;C:\Program Files\Microsoft SQL Server\120\Tools\Binn\;C:\Program Files (x86)\Microsoft Emulator Manager\1.0\;C:\Program Files\nodejs\;C:\Users\jelle\AppData\Roaming\npm
366 verbose lifecycle bcrypt@0.8.5~install: CWD: C:\Users\jelle\Documents\Github\ProjectBackend\Geofeelingsapp\node_modules\bcrypt
367 silly lifecycle bcrypt@0.8.5~install: Args: [ '/d /s /c', 'node-gyp rebuild' ]
368 silly lifecycle bcrypt@0.8.5~install: Returned: code: 1  signal: null
369 info lifecycle bcrypt@0.8.5~install: Failed to exec install script
370 verbose unlock done using C:\Users\jelle\AppData\Roaming\npm-cache\_locks\staging-f16841b3ef814084.lock for C:\Users\jelle\Documents\Github\ProjectBackend\Geofeelingsapp\node_modules\.staging
371 silly rollbackFailedOptional Starting
372 silly rollbackFailedOptional Finishing
373 silly runTopLevelLifecycles Starting
374 silly runTopLevelLifecycles Finishing
375 silly install printInstalled
376 verbose stack Error: bcrypt@0.8.5 install: `node-gyp rebuild`
376 verbose stack Exit status 1
376 verbose stack     at EventEmitter.<anonymous> (C:\Users\jelle\AppData\Roaming\npm\node_modules\npm\lib\utils\lifecycle.js:232:16)
376 verbose stack     at emitTwo (events.js:87:13)
376 verbose stack     at EventEmitter.emit (events.js:172:7)
376 verbose stack     at ChildProcess.<anonymous> (C:\Users\jelle\AppData\Roaming\npm\node_modules\npm\lib\utils\spawn.js:24:14)
376 verbose stack     at emitTwo (events.js:87:13)
376 verbose stack     at ChildProcess.emit (events.js:172:7)
376 verbose stack     at maybeClose (internal/child_process.js:818:16)
376 verbose stack     at Process.ChildProcess._handle.onexit (internal/child_process.js:211:5)
377 verbose pkgid bcrypt@0.8.5
378 verbose cwd C:\Users\jelle\Documents\Github\ProjectBackend\Geofeelingsapp
379 error Windows_NT 10.0.10240
380 error argv "C:\\Program Files\\nodejs\\node.exe" "C:\\Users\\jelle\\AppData\\Roaming\\npm\\node_modules\\npm\\bin\\npm-cli.js" "install" "bcrypt"
381 error node v5.3.0
382 error npm  v3.5.2
383 error code ELIFECYCLE
384 error bcrypt@0.8.5 install: `node-gyp rebuild`
384 error Exit status 1
385 error Failed at the bcrypt@0.8.5 install script 'node-gyp rebuild'.
385 error Make sure you have the latest version of node.js and npm installed.
385 error If you do, this is most likely a problem with the bcrypt package,
385 error not with npm itself.
385 error Tell the author that this fails on your system:
385 error     node-gyp rebuild
385 error You can get information on how to open an issue for this project with:
385 error     npm bugs bcrypt
385 error Or if that isn't available, you can get their info via:
385 error     npm owner ls bcrypt
385 error There is likely additional logging output above.
386 verbose exit [ 1, true ]
